loading app controller.py
loading app ryu.controller.ofp_handler
instantiating app controller.py of SimpleSwitch13
instantiating app ryu.controller.ofp_handler of OFPHandler
deleting all flow entries in table
OVSBridge success
Layer 5 mode
Set QoS to port s1-eth1
QoS success
Set QoS to port s1-eth2
QoS success
Add a flow
deleting all flow entries in table
OVSBridge success
Layer 5 mode
Set QoS to port s2-eth1
QoS success
Set QoS to port s2-eth2
QoS success
Add a flow
packet in 0000000000000001 8a:1b:2c:76:26:47 33:33:00:00:00:16 1 None
Add a flow
Add a flow
packet in 0000000000000002 06:aa:d7:e1:a2:72 33:33:00:00:00:16 1 None
Add a flow
Add a flow
packet in 0000000000000001 22:b9:53:16:3d:30 33:33:00:00:00:02 2 None
Add a flow
Add a flow
packet in 0000000000000001 8a:1b:2c:76:26:47 33:33:00:00:00:02 1 None
Add a flow
Add a flow
packet in 0000000000000002 a6:da:1a:dd:d2:cb 33:33:00:00:00:02 2 None
Add a flow
Add a flow
packet in 0000000000000002 06:aa:d7:e1:a2:72 33:33:00:00:00:02 1 None
Add a flow
Add a flow
packet in 0000000000000001 22:b9:53:16:3d:30 33:33:00:00:00:02 2 None
Add a flow
Add a flow
packet in 0000000000000001 8a:1b:2c:76:26:47 33:33:00:00:00:02 1 None
Add a flow
Add a flow
packet in 0000000000000002 a6:da:1a:dd:d2:cb 33:33:00:00:00:02 2 None
Add a flow
Add a flow
packet in 0000000000000002 06:aa:d7:e1:a2:72 33:33:00:00:00:02 1 None
Add a flow
Add a flow
packet in 0000000000000001 8a:1b:2c:76:26:47 ff:ff:ff:ff:ff:ff 1 None
Add a flow
Add a flow
packet in 0000000000000001 22:b9:53:16:3d:30 8a:1b:2c:76:26:47 2 None
Add a flow
Add a flow
Add a flow
packet in 0000000000000001 22:b9:53:16:3d:30 8a:1b:2c:76:26:47 2 None
Add a flow
Add a flow
Add a flow
packet in 0000000000000001 8a:1b:2c:76:26:47 22:b9:53:16:3d:30 1 ipv4(csum=36407,dst='192.168.0.2',flags=2,header_length=5,identification=11038,offset=0,option=None,proto=1,src='192.168.0.1',tos=0,total_length=84,ttl=64,version=4)
Add a flow
Add a flow
Add a flow
packet in 0000000000000002 06:aa:d7:e1:a2:72 ff:ff:ff:ff:ff:ff 1 None
Add a flow
Add a flow
packet in 0000000000000002 a6:da:1a:dd:d2:cb 06:aa:d7:e1:a2:72 2 None
Add a flow
Add a flow
Add a flow
packet in 0000000000000002 a6:da:1a:dd:d2:cb 06:aa:d7:e1:a2:72 2 None
Add a flow
Add a flow
Add a flow
packet in 0000000000000002 06:aa:d7:e1:a2:72 a6:da:1a:dd:d2:cb 1 ipv4(csum=59873,dst='192.168.1.2',flags=2,header_length=5,identification=52595,offset=0,option=None,proto=1,src='192.168.1.1',tos=0,total_length=84,ttl=64,version=4)
Add a flow
Add a flow
Add a flow
found modify, reset
deleting all flow entries in table
OVSBridge success
Layer 5 mode
Set QoS to port s1-eth1
QoS success
Set QoS to port s1-eth2
QoS success
Add a flow
packet in 0000000000000001 8a:1b:2c:76:26:47 22:b9:53:16:3d:30 1 ipv4(csum=8932,dst='192.168.0.2',flags=2,header_length=5,identification=38516,offset=0,option=None,proto=6,src='192.168.0.1',tos=16,total_length=60,ttl=64,version=4)
Add a flow
Add a flow
Add a flow
packet in 0000000000000001 22:b9:53:16:3d:30 8a:1b:2c:76:26:47 2 ipv4(csum=47464,dst='192.168.0.1',flags=2,header_length=5,identification=0,offset=0,option=None,proto=6,src='192.168.0.2',tos=0,total_length=60,ttl=64,version=4)
Add a flow
Add a flow
Add a flow
packet in 0000000000000001 22:b9:53:16:3d:30 8a:1b:2c:76:26:47 2 ipv4(csum=47464,dst='192.168.0.1',flags=2,header_length=5,identification=0,offset=0,option=None,proto=6,src='192.168.0.2',tos=0,total_length=60,ttl=64,version=4)
Add a flow
Add a flow
Add a flow
packet in 0000000000000001 22:b9:53:16:3d:30 8a:1b:2c:76:26:47 2 ipv4(csum=37992,dst='192.168.0.1',flags=2,header_length=5,identification=9480,offset=0,option=None,proto=6,src='192.168.0.2',tos=0,total_length=52,ttl=64,version=4)
Add a flow
Add a flow
Add a flow
